Base path: C:/Program Files/Unity/Hub/Editor/2019.1.5f1/Editor/Data
Cmd: initializeCompiler
Cmd: compileComputeKernel
  api=4 insize=12081 outsize=1893 ok=1
Cmd: compileComputeKernel
  api=4 insize=73605 outsize=3685 ok=1
Cmd: compileComputeKernel
  api=4 insize=12124 outsize=1845 ok=1
Cmd: compileComputeKernel
  api=4 insize=12124 outsize=1845 ok=1
Cmd: compileComputeKernel
  api=4 insize=12124 outsize=2021 ok=1
Cmd: compileComputeKernel
  api=4 insize=74993 outsize=11381 ok=1
Cmd: compileComputeKernel
  api=4 insize=74993 outsize=23677 ok=1
Cmd: compileComputeKernel
  api=4 insize=19771 outsize=3065 ok=1
Cmd: compileComputeKernel
  api=4 insize=66851 outsize=1733 ok=1
Cmd: compileComputeKernel
  api=4 insize=66851 outsize=1501 ok=1
Cmd: compileComputeKernel
  api=4 insize=66851 outsize=1697 ok=1
Cmd: compileComputeKernel
  api=4 insize=66851 outsize=1437 ok=1
Cmd: compileComputeKernel
  api=4 insize=66851 outsize=1333 ok=1
Cmd: compileComputeKernel
  api=4 insize=66851 outsize=1293 ok=1
Cmd: compileComputeKernel
  api=4 insize=66851 outsize=1333 ok=1
Cmd: compileComputeKernel
  api=4 insize=66851 outsize=1353 ok=1
Cmd: compileComputeKernel
  api=4 insize=66851 outsize=1457 ok=1
Cmd: compileComputeKernel
  api=4 insize=66851 outsize=929 ok=1
Cmd: compileComputeKernel
  api=4 insize=66851 outsize=1389 ok=1
Cmd: compileComputeKernel
  api=4 insize=33997 outsize=777 ok=1
Cmd: compileComputeKernel
  api=4 insize=33997 outsize=813 ok=1
Cmd: compileComputeKernel
  api=4 insize=33997 outsize=853 ok=1
Cmd: compileComputeKernel
  api=4 insize=33997 outsize=617 ok=1
Cmd: compileComputeKernel
  api=4 insize=33997 outsize=1301 ok=1
Cmd: compileComputeKernel
  api=4 insize=33997 outsize=1505 ok=1
Cmd: compileComputeKernel
  api=4 insize=33997 outsize=1473 ok=1
Cmd: compileComputeKernel
  api=4 insize=33997 outsize=1257 ok=1
Cmd: compileComputeKernel
  api=4 insize=33997 outsize=1377 ok=1
Cmd: compileSnippet
  api=4 type=0 insize=1596 outsize=2002 kw=UNITY_PASS_FORWARDBASE DIRECTIONAL SHADOWS_SCREEN LIGHTPROBE_SH _ALPHATEST_ON _SPECULARHIGHLIGHTS_OFF _GLOSSYREFLECTIONS_OFF pd=UNITY_ENABLE_REFLECTION_BUFFERS UNITY_USE_DITHER_MASK_FOR_ALPHABLENDED_SHADOWS UNITY_PBS_USE_BRDF1 UNITY_SPECCUBE_BOX_PROJECTION UNITY_SPECCUBE_BLENDING UNITY_ENABLE_DETAIL_NORMALMAP SHADER_API_DESKTOP UNITY_COLORSPACE_GAMMA UNITY_LIGHT_PROBE_PROXY_VOLUME UNITY_LIGHTMAP_FULL_HDR ok=1
