Base path: C:/Program Files/Unity/Hub/Editor/2019.1.5f1/Editor/Data
Cmd: initializeCompiler
Cmd: compileComputeKernel
  api=4 insize=12081 outsize=1525 ok=1
Cmd: compileComputeKernel
  api=4 insize=73605 outsize=5045 ok=1
Cmd: compileComputeKernel
  api=4 insize=12124 outsize=1845 ok=1
Cmd: compileComputeKernel
  api=4 insize=12124 outsize=2001 ok=1
Cmd: compileComputeKernel
  api=4 insize=12124 outsize=2021 ok=1
Cmd: compileComputeKernel
  api=4 insize=74993 outsize=21201 ok=1
Cmd: compileComputeKernel
  api=4 insize=19771 outsize=3165 ok=1
Cmd: compileComputeKernel
  api=4 insize=66851 outsize=11689 ok=1
Cmd: compileComputeKernel
  api=4 insize=66851 outsize=1401 ok=1
Cmd: compileComputeKernel
  api=4 insize=66851 outsize=1849 ok=1
Cmd: compileComputeKernel
  api=4 insize=66851 outsize=1845 ok=1
Cmd: compileComputeKernel
  api=4 insize=66851 outsize=1873 ok=1
Cmd: compileComputeKernel
  api=4 insize=66851 outsize=2021 ok=1
Cmd: compileComputeKernel
  api=4 insize=66851 outsize=1401 ok=1
Cmd: compileComputeKernel
  api=4 insize=66851 outsize=1605 ok=1
Cmd: compileComputeKernel
  api=4 insize=66851 outsize=1757 ok=1
Cmd: compileComputeKernel
  api=4 insize=1898 outsize=3145 ok=1
Cmd: compileComputeKernel
  api=4 insize=33997 outsize=777 ok=1
Cmd: compileComputeKernel
  api=4 insize=33997 outsize=685 ok=1
Cmd: compileComputeKernel
  api=4 insize=33997 outsize=1089 ok=1
Cmd: compileComputeKernel
  api=4 insize=33997 outsize=853 ok=1
Cmd: compileComputeKernel
  api=4 insize=33997 outsize=861 ok=1
Cmd: compileComputeKernel
  api=4 insize=33997 outsize=1265 ok=1
Cmd: compileComputeKernel
  api=4 insize=33997 outsize=1377 ok=1
Cmd: compileComputeKernel
  api=4 insize=33997 outsize=1473 ok=1
Cmd: compileComputeKernel
  api=4 insize=33997 outsize=1257 ok=1
Cmd: compileComputeKernel
  api=4 insize=33997 outsize=1625 ok=1
Cmd: compileSnippet
  api=4 type=0 insize=1596 outsize=2002 kw=UNITY_PASS_FORWARDBASE DIRECTIONAL SHADOWS_SCREEN LIGHTPROBE_SH pd=UNITY_ENABLE_REFLECTION_BUFFERS UNITY_USE_DITHER_MASK_FOR_ALPHABLENDED_SHADOWS UNITY_PBS_USE_BRDF1 UNITY_SPECCUBE_BOX_PROJECTION UNITY_SPECCUBE_BLENDING UNITY_ENABLE_DETAIL_NORMALMAP SHADER_API_DESKTOP UNITY_COLORSPACE_GAMMA UNITY_LIGHT_PROBE_PROXY_VOLUME UNITY_LIGHTMAP_FULL_HDR ok=1
