Base path: C:/Program Files/Unity/Hub/Editor/2019.1.5f1/Editor/Data
Cmd: initializeCompiler
Cmd: compileComputeKernel
  api=4 insize=12081 outsize=2017 ok=1
Cmd: compileComputeKernel
  api=4 insize=73605 outsize=5773 ok=1
Cmd: compileComputeKernel
  api=4 insize=12124 outsize=1845 ok=1
Cmd: compileComputeKernel
  api=4 insize=12124 outsize=1845 ok=1
Cmd: compileComputeKernel
  api=4 insize=12124 outsize=1873 ok=1
Cmd: compileComputeKernel
  api=4 insize=74993 outsize=2817 ok=1
Cmd: compileComputeKernel
  api=4 insize=74993 outsize=23165 ok=1
Cmd: compileComputeKernel
  api=4 insize=19771 outsize=3177 ok=1
Cmd: compileComputeKernel
  api=4 insize=66851 outsize=1589 ok=1
Cmd: compileComputeKernel
  api=4 insize=66851 outsize=2489 ok=1
Cmd: compileComputeKernel
  api=4 insize=66851 outsize=2041 ok=1
Cmd: compileComputeKernel
  api=4 insize=66851 outsize=1621 ok=1
Cmd: compileComputeKernel
  api=4 insize=66851 outsize=1293 ok=1
Cmd: compileComputeKernel
  api=4 insize=66851 outsize=1689 ok=1
Cmd: compileComputeKernel
  api=4 insize=66851 outsize=1473 ok=1
Cmd: compileComputeKernel
  api=4 insize=66851 outsize=1317 ok=1
Cmd: compileComputeKernel
  api=4 insize=66851 outsize=1401 ok=1
Cmd: compileComputeKernel
  api=4 insize=4434 outsize=1457 ok=1
Cmd: compileComputeKernel
  api=4 insize=33997 outsize=681 ok=1
Cmd: compileComputeKernel
  api=4 insize=33997 outsize=765 ok=1
Cmd: compileComputeKernel
  api=4 insize=33997 outsize=809 ok=1
Cmd: compileComputeKernel
  api=4 insize=33997 outsize=837 ok=1
Cmd: compileComputeKernel
  api=4 insize=33997 outsize=1093 ok=1
Cmd: compileComputeKernel
  api=4 insize=33997 outsize=1497 ok=1
Cmd: compileComputeKernel
  api=4 insize=33997 outsize=1349 ok=1
Cmd: compileComputeKernel
  api=4 insize=33997 outsize=1317 ok=1
Cmd: compileComputeKernel
  api=4 insize=33997 outsize=1637 ok=1
Cmd: compileSnippet
  api=4 type=1 insize=1596 outsize=7190 kw=UNITY_PASS_FORWARDBASE DIRECTIONAL SHADOWS_SCREEN LIGHTPROBE_SH pd=UNITY_ENABLE_REFLECTION_BUFFERS UNITY_USE_DITHER_MASK_FOR_ALPHABLENDED_SHADOWS UNITY_PBS_USE_BRDF1 UNITY_SPECCUBE_BOX_PROJECTION UNITY_SPECCUBE_BLENDING UNITY_ENABLE_DETAIL_NORMALMAP SHADER_API_DESKTOP UNITY_COLORSPACE_GAMMA UNITY_LIGHT_PROBE_PROXY_VOLUME UNITY_LIGHTMAP_FULL_HDR ok=1
